Copyright 1986-2022 Xilinx, Inc. All Rights Reserved.
------------------------------------------------------------------------------------
| Tool Version : Vivado v.2022.2 (win64) Build 3671981 Fri Oct 14 05:00:03 MDT 2022
| Date         : Fri Dec 13 17:45:22 2024
| Host         : pc running 64-bit major release  (build 9200)
| Command      : report_control_sets -verbose -file CPU_control_sets_placed.rpt
| Design       : CPU
| Device       : xc7z020
------------------------------------------------------------------------------------

Control Set Information

Table of Contents
-----------------
1. Summary
2. Histogram
3. Flip-Flop Distribution
4. Detailed Control Set Information

1. Summary
----------

+----------------------------------------------------------+-------+
|                          Status                          | Count |
+----------------------------------------------------------+-------+
| Total control sets                                       |    42 |
|    Minimum number of control sets                        |    42 |
|    Addition due to synthesis replication                 |     0 |
|    Addition due to physical synthesis replication        |     0 |
| Unused register locations in slices containing registers |    20 |
+----------------------------------------------------------+-------+
* Control sets can be merged at opt_design using control_set_merge or merge_equivalent_drivers
** Run report_qor_suggestions for automated merging and remapping suggestions


2. Histogram
------------

+--------------------+-------+
|       Fanout       | Count |
+--------------------+-------+
| Total control sets |    42 |
| >= 0 to < 4        |     1 |
| >= 4 to < 6        |     1 |
| >= 6 to < 8        |     2 |
| >= 8 to < 10       |    36 |
| >= 10 to < 12      |     1 |
| >= 12 to < 14      |     0 |
| >= 14 to < 16      |     0 |
| >= 16              |     1 |
+--------------------+-------+
* Control sets can be remapped at either synth_design or opt_design


3. Flip-Flop Distribution
-------------------------

+--------------+-----------------------+------------------------+-----------------+--------------+
| Clock Enable | Synchronous Set/Reset | Asynchronous Set/Reset | Total Registers | Total Slices |
+--------------+-----------------------+------------------------+-----------------+--------------+
| No           | No                    | No                     |               0 |            0 |
| No           | No                    | Yes                    |              51 |           22 |
| No           | Yes                   | No                     |               0 |            0 |
| Yes          | No                    | No                     |             256 |           82 |
| Yes          | No                    | Yes                    |              41 |           14 |
| Yes          | Yes                   | No                     |               0 |            0 |
+--------------+-----------------------+------------------------+-----------------+--------------+


4. Detailed Control Set Information
-----------------------------------

+---------------------------------+-----------------------------------------+------------------+------------------+----------------+--------------+
|           Clock Signal          |              Enable Signal              | Set/Reset Signal | Slice Load Count | Bel Load Count | Bels / Slice |
+---------------------------------+-----------------------------------------+------------------+------------------+----------------+--------------+
|  clock_divided/clk_divided_OBUF |                                         | controller/AR[0] |                1 |              2 |         2.00 |
|  clk1_OBUF_BUFG                 | memory/instr_address_reg[5]_2[0]        | reset_IBUF       |                2 |              5 |         2.50 |
|  clk2_OBUF_BUFG                 | controller/E[0]                         | reset_IBUF       |                3 |              6 |         2.00 |
|  clk2_OBUF_BUFG                 | controller/enable_memory_reg_1[0]       | reset_IBUF       |                2 |              6 |         3.00 |
|  clk2_OBUF_BUFG                 | controller/operand_address_reg[4]_2[0]  |                  |                4 |              8 |         2.00 |
|  clk1_OBUF_BUFG                 |                                         | reset_IBUF       |                3 |              8 |         2.67 |
|  clk1_OBUF_BUFG                 | memory/E[0]                             | reset_IBUF       |                3 |              8 |         2.67 |
|  clk1_OBUF_BUFG                 | memory/pc_out_reg[5][0]                 | reset_IBUF       |                2 |              8 |         4.00 |
|  clk2_OBUF_BUFG                 | controller/operand_address_reg[4]_3[0]  |                  |                2 |              8 |         4.00 |
|  clk2_OBUF_BUFG                 | controller/enable_memory_reg_0[0]       | reset_IBUF       |                2 |              8 |         4.00 |
|  clk2_OBUF_BUFG                 | controller/operand_address_reg[2]_0[0]  |                  |                7 |              8 |         1.14 |
|  clk2_OBUF_BUFG                 | controller/operand_address_reg[2]_1[0]  |                  |                4 |              8 |         2.00 |
|  clk2_OBUF_BUFG                 | controller/operand_address_reg[0]_0[0]  |                  |                1 |              8 |         8.00 |
|  clk2_OBUF_BUFG                 | controller/operand_address_reg[4]_9[0]  |                  |                2 |              8 |         4.00 |
|  clk2_OBUF_BUFG                 | controller/operand_address_reg[3]_5[0]  |                  |                3 |              8 |         2.67 |
|  clk2_OBUF_BUFG                 | controller/operand_address_reg[3]_2[0]  |                  |                1 |              8 |         8.00 |
|  clk2_OBUF_BUFG                 | controller/operand_address_reg[2]_4[0]  |                  |                2 |              8 |         4.00 |
|  clk2_OBUF_BUFG                 | controller/operand_address_reg[0]_1[0]  |                  |                2 |              8 |         4.00 |
|  clk2_OBUF_BUFG                 | controller/operand_address_reg[4]_0[0]  |                  |                4 |              8 |         2.00 |
|  clk2_OBUF_BUFG                 | controller/operand_address_reg[4]_12[0] |                  |                2 |              8 |         4.00 |
|  clk2_OBUF_BUFG                 | controller/operand_address_reg[2]_6[0]  |                  |                1 |              8 |         8.00 |
|  clk2_OBUF_BUFG                 | controller/operand_address_reg[1]_1[0]  |                  |                2 |              8 |         4.00 |
|  clk2_OBUF_BUFG                 | controller/operand_address_reg[4]_10[0] |                  |                3 |              8 |         2.67 |
|  clk2_OBUF_BUFG                 | controller/operand_address_reg[3]_4[0]  |                  |                1 |              8 |         8.00 |
|  clk2_OBUF_BUFG                 | controller/operand_address_reg[1]_0[0]  |                  |                2 |              8 |         4.00 |
|  clk2_OBUF_BUFG                 | controller/operand_address_reg[2]_3[0]  |                  |                2 |              8 |         4.00 |
|  clk2_OBUF_BUFG                 | controller/operand_address_reg[2]_2[0]  |                  |                4 |              8 |         2.00 |
|  clk2_OBUF_BUFG                 | controller/operand_address_reg[4]_5[0]  |                  |                1 |              8 |         8.00 |
|  clk2_OBUF_BUFG                 | controller/operand_address_reg[4]_1[0]  |                  |                2 |              8 |         4.00 |
|  clk2_OBUF_BUFG                 | controller/operand_address_reg[4]_6[0]  |                  |                8 |              8 |         1.00 |
|  clk2_OBUF_BUFG                 | controller/operand_address_reg[3]_6[0]  |                  |                1 |              8 |         8.00 |
|  clk2_OBUF_BUFG                 | controller/operand_address_reg[4]_11[0] |                  |                5 |              8 |         1.60 |
|  clk2_OBUF_BUFG                 | controller/operand_address_reg[2]_5[0]  |                  |                2 |              8 |         4.00 |
|  clk2_OBUF_BUFG                 | controller/operand_address_reg[0]_2[0]  |                  |                1 |              8 |         8.00 |
|  clk2_OBUF_BUFG                 | controller/operand_address_reg[3]_1[0]  |                  |                1 |              8 |         8.00 |
|  clk2_OBUF_BUFG                 | controller/operand_address_reg[3]_3[0]  |                  |                1 |              8 |         8.00 |
|  clk2_OBUF_BUFG                 | controller/operand_address_reg[4]_13[0] |                  |                4 |              8 |         2.00 |
|  clk2_OBUF_BUFG                 | controller/operand_address_reg[4]_4[0]  |                  |                2 |              8 |         4.00 |
|  clk2_OBUF_BUFG                 | controller/operand_address_reg[4]_7[0]  |                  |                4 |              8 |         2.00 |
|  clk2_OBUF_BUFG                 | controller/operand_address_reg[4]_8[0]  |                  |                1 |              8 |         8.00 |
|  clk2_OBUF_BUFG                 |                                         | reset_IBUF       |                5 |             11 |         2.20 |
|  clk_test_OBUF_BUFG             |                                         | controller/AR[0] |               13 |             30 |         2.31 |
+---------------------------------+-----------------------------------------+------------------+------------------+----------------+--------------+


