============================================================
  Generated by:           Genus(TM) Synthesis Solution 22.17-s071_1
  Generated on:           May 04 2025  04:58:36 pm
  Module:                 RISC_CPU
  Technology libraries:   slow_1v0 
                          pll 0.0
                          CDK_S128x16 0.0
                          CDK_S256x16 0.0
                          CDK_R512x16 0.0
                          physical_cells 
                          slow_1v0 
                          pll 0.0
                          CDK_S128x16 0.0
                          CDK_S256x16 0.0
                          CDK_R512x16 0.0
                          physical_cells 
  Operating conditions:   slow 
  Interconnect mode:      global
  Area mode:              physical library
============================================================

Timing
--------

Clock Period 
-------------
clk   1400.0 


  Cost    Critical         Violating 
 Group   Path Slack  TNS     Paths   
-------------------------------------
clk             0.0   0.0          0 
default    No paths   0.0            
-------------------------------------
Total                 0.0          0 

Instance Count
--------------
Leaf Instance Count             1298 
Physical Instance count            0 
Sequential Instance Count        304 
Combinational Instance Count     994 
Hierarchical Instance Count        0 

Area
----
Cell Area                          4728.013
Physical Cell Area                 0.000
Total Cell Area (Cell+Physical)    4728.013
Net Area                           1619.909
Total Area (Cell+Physical+Net)     6347.922

Runtime                            0.0 seconds
Elapsed Runtime                    58 seconds
Genus peak memory usage            1614.63 
Innovus peak memory usage          no_value 
Hostname                           vlsiktmt
