============================================================
  Generated by:           Genus(TM) Synthesis Solution 22.17-s071_1
  Generated on:           May 04 2025  06:58:52 pm
  Module:                 RISC_CPU
  Operating conditions:   slow 
  Interconnect mode:      global
  Area mode:              physical library
============================================================

Timing
--------

Clock Period 
-------------
clk   1350.0 


        Cost          Critical         Violating 
       Group         Path Slack  TNS     Paths   
-------------------------------------------------
C2C                         0.1   0.0          0 
C2O                    No paths   0.0            
cg_enable_group_clk         1.5   0.0          0 
clk                    No paths   0.0            
default                No paths   0.0            
I2C                    No paths   0.0            
I2O                    No paths   0.0            
-------------------------------------------------
Total                             0.0          0 

Instance Count
--------------
Leaf Instance Count             1109 
Physical Instance count            0 
Sequential Instance Count        342 
Combinational Instance Count     767 
Hierarchical Instance Count       38 

Area
----
Cell Area                          4094.492
Physical Cell Area                 0.000
Total Cell Area (Cell+Physical)    4094.492
Net Area                           1201.647
Total Area (Cell+Physical+Net)     5296.139

Runtime                            0.0 seconds
Elapsed Runtime                    60 seconds
Genus peak memory usage            1632.11 
Innovus peak memory usage          no_value 
Hostname                           vlsiktmt
